\BOOKMARK [1][]{section.1}{\376\377\116\000\060\001\000\040\225\356\230\230\221\315\217\360}{}% 1
\BOOKMARK [2][]{subsection.1.1}{\376\377\0001\000.\0001\000\040\225\356\230\230\200\314\146\157}{section.1}% 2
\BOOKMARK [2][]{subsection.1.2}{\376\377\0001\000.\0002\000\040\225\356\230\230\143\320\121\372}{section.1}% 3
\BOOKMARK [1][]{section.2}{\376\377\116\214\060\001\000\040\225\356\230\230\122\006\147\220}{}% 4
\BOOKMARK [1][]{section.3}{\376\377\116\011\060\001\000\040\152\041\127\213\120\107\213\276}{}% 5
\BOOKMARK [1][]{section.4}{\376\377\126\333\060\001\000\040\173\046\123\367\213\364\146\016}{}% 6
\BOOKMARK [1][]{section.5}{\376\377\116\224\060\001\000\040\152\041\127\213\166\204\136\372\172\313\116\016\154\102\211\343}{}% 7
\BOOKMARK [2][]{subsection.5.1}{\376\377\0005\000.\0001\000\040\225\356\230\230\116\000\173\054\000\050\0001\000\051\225\356\166\204\152\041\127\213\136\372\172\313\116\016\154\102\211\343}{section.5}% 8
\BOOKMARK [3][]{subsubsection.5.1.1}{\376\377\0005\000.\0001\000.\0001\000\040\210\253\122\250\143\245\145\066\117\341\123\367\145\340\116\272\147\072\166\204\133\232\117\115\152\041\127\213}{subsection.5.1}% 9
\BOOKMARK [3][]{subsubsection.5.1.2}{\376\377\0005\000.\0001\000.\0002\000\040\152\041\127\213\154\102\211\343}{subsection.5.1}% 10
\BOOKMARK [2][]{subsection.5.2}{\376\377\0005\000.\0002\000\040\225\356\230\230\116\000\173\054\000\050\0002\000\051\225\356\166\204\152\041\127\213\136\372\172\313\116\016\154\102\211\343}{section.5}% 11
\BOOKMARK [3][]{subsubsection.5.2.1}{\376\377\0005\000.\0002\000.\0001\000\040\152\041\127\213\136\372\172\313}{subsection.5.2}% 12
\BOOKMARK [3][]{subsubsection.5.2.2}{\376\377\0005\000.\0002\000.\0002\000\040\152\041\127\213\154\102\211\343}{subsection.5.2}% 13
\BOOKMARK [2][]{subsection.5.3}{\376\377\0005\000.\0003\000\040\225\356\230\230\116\000\173\054\000\050\0003\000\051\225\356\166\204\152\041\127\213\136\372\172\313\116\016\154\102\211\343}{section.5}% 14
\BOOKMARK [3][]{subsubsection.5.3.1}{\376\377\0005\000.\0003\000.\0001\000\040\145\340\116\272\147\072\116\000\153\041\171\373\122\250\122\115\124\016\147\201\211\322\123\330\123\026\140\305\121\265}{subsection.5.3}% 15
\BOOKMARK [3][]{subsubsection.5.3.2}{\376\377\0005\000.\0003\000.\0002\000\040\127\372\116\216\120\117\135\356\166\204\145\340\116\272\147\072\133\232\117\115\214\003\136\246\152\041\127\213}{subsection.5.3}% 16
\BOOKMARK [3][]{subsubsection.5.3.3}{\376\377\0005\000.\0003\000.\0003\000\040\152\041\127\213\154\102\211\343}{subsection.5.3}% 17
\BOOKMARK [2][]{subsection.5.4}{\376\377\0005\000.\0004\000\040\225\356\230\230\116\214\166\204\152\041\127\213\136\372\172\313\116\016\154\102\211\343}{section.5}% 18
\BOOKMARK [3][]{subsubsection.5.4.1}{\376\377\0005\000.\0004\000.\0001\000\040\170\156\133\232\123\321\134\004\117\341\123\367\145\340\116\272\147\072\145\160\221\317}{subsection.5.4}% 19
\BOOKMARK [3][]{subsubsection.5.4.2}{\376\377\0005\000.\0004\000.\0002\000\040\225\045\137\142\177\026\226\037\145\340\116\272\147\072\133\232\117\115\214\003\136\246\152\041\127\213}{subsection.5.4}% 20
\BOOKMARK [3][]{subsubsection.5.4.3}{\376\377\0005\000.\0004\000.\0003\000\040\152\041\127\213\154\102\211\343}{subsection.5.4}% 21
\BOOKMARK [1][]{section.6}{\376\377\121\155\060\001\000\040\152\041\127\213\166\204\213\304\116\367\116\016\143\250\136\177}{}% 22
\BOOKMARK [2][]{subsection.6.1}{\376\377\0006\000.\0001\000\040\152\041\127\213\117\030\160\271}{section.6}% 23
\BOOKMARK [2][]{subsection.6.2}{\376\377\0006\000.\0002\000\040\152\041\127\213\177\072\160\271}{section.6}% 24
\BOOKMARK [2][]{subsection.6.3}{\376\377\0006\000.\0003\000\040\152\041\127\213\143\250\136\177}{section.6}% 25
\BOOKMARK [1][]{section.7}{\376\377\116\003\060\001\000\040\123\302\200\003\145\207\163\056}{}% 26
\BOOKMARK [1][]{section*.17}{\376\377\123\302\200\003\145\207\163\056}{}% 27
\BOOKMARK [1][]{appendix.a.A}{\376\377\226\104\137\125\000\040\000A\000\040\145\057\144\221\147\120\145\231\122\027\210\150}{}% 28
\BOOKMARK [1][]{appendix.a.B}{\376\377\226\104\137\125\000\040\000B\000\040\166\370\121\163\145\160\143\156}{}% 29
\BOOKMARK [1][]{appendix.a.C}{\376\377\226\104\137\125\000\040\000C\000\040\225\356\230\230\116\000\173\054\000\050\0003\000\051\225\356\116\343\170\001}{}% 30
\BOOKMARK [1][]{appendix.a.D}{\376\377\226\104\137\125\000\040\000D\000\040\225\356\230\230\116\214\116\343\170\001}{}% 31
